# JRE version: OpenJDK Runtime Environment (17.0.7) (build 17.0.7+0-b2043.56-10550314)
# Java VM: OpenJDK 64-Bit Server VM (17.0.7+0-b2043.56-10550314, mixed mode, tiered, compressed oops, compressed class ptrs, g1 gc, windows-amd64)
GC Precious Log:
 CPUs: 12 total, 12 available
 Memory: 5989M
 Large Page Support: Disabled
 NUMA Support: Disabled
 Compressed Oops: Enabled (32-bit)
 Heap Region Size: 1M
 Heap Min Capacity: 8M
 Heap Initial Capacity: 94M
 Heap Max Capacity: 2G
 Pre-touch: Disabled
 Parallel Workers: 10
 Concurrent Workers: 3
 Concurrent Refinement Workers: 10
 Periodic GC: Disabled
Heap:
 garbage-first heap   total 138240K, used 94085K [0x0000000080000000, 0x0000000100000000)
  region size 1024K, 32 young (32768K), 5 survivors (5120K)
 Metaspace       used 56735K, committed 57344K, reserved 1114112K
  class space    used 7725K, committed 8000K, reserved 1048576K
GC Heap History (20 events):
Event: 7.956 GC heap before
{Heap before GC invocations=10 (full 0):
 garbage-first heap   total 81920K, used 58707K [0x0000000080000000, 0x0000000100000000)
  region size 1024K, 15 young (15360K), 2 survivors (2048K)
 Metaspace       used 31302K, committed 31680K, reserved 1114112K
  class space    used 4280K, committed 4480K, reserved 1048576K
}
Event: 7.958 GC heap after
{Heap after GC invocations=11 (full 0):
 garbage-first heap   total 81920K, used 48608K [0x0000000080000000, 0x0000000100000000)
  region size 1024K, 2 young (2048K), 2 survivors (2048K)
 Metaspace       used 31302K, committed 31680K, reserved 1114112K
  class space    used 4280K, committed 4480K, reserved 1048576K
}
Event: 8.444 GC heap before
{Heap before GC invocations=11 (full 0):
 garbage-first heap   total 81920K, used 62944K [0x0000000080000000, 0x0000000100000000)
  region size 1024K, 16 young (16384K), 2 survivors (2048K)
 Metaspace       used 33130K, committed 33472K, reserved 1114112K
  class space    used 4584K, committed 4736K, reserved 1048576K
}
Event: 8.446 GC heap after
{Heap after GC invocations=12 (full 0):
 garbage-first heap   total 81920K, used 49469K [0x0000000080000000, 0x0000000100000000)
  region size 1024K, 1 young (1024K), 1 survivors (1024K)
 Metaspace       used 33130K, committed 33472K, reserved 1114112K
  class space    used 4584K, committed 4736K, reserved 1048576K
}
Event: 8.740 GC heap before
{Heap before GC invocations=13 (full 0):
 garbage-first heap   total 87040K, used 62781K [0x0000000080000000, 0x0000000100000000)
  region size 1024K, 15 young (15360K), 1 survivors (1024K)
 Metaspace       used 34922K, committed 35328K, reserved 1114112K
  class space    used 4870K, committed 5056K, reserved 1048576K
}
Event: 8.742 GC heap after
{Heap after GC invocations=14 (full 0):
 garbage-first heap   total 108544K, used 50067K [0x0000000080000000, 0x0000000100000000)
  region size 1024K, 2 young (2048K), 2 survivors (2048K)
 Metaspace       used 34922K, committed 35328K, reserved 1114112K
  class space    used 4870K, committed 5056K, reserved 1048576K
}
Event: 10.047 GC heap before
{Heap before GC invocations=14 (full 0):
 garbage-first heap   total 108544K, used 80787K [0x0000000080000000, 0x0000000100000000)
  region size 1024K, 33 young (33792K), 2 survivors (2048K)
 Metaspace       used 41917K, committed 42304K, reserved 1114112K
  class space    used 5654K, committed 5824K, reserved 1048576K
}
Event: 10.051 GC heap after
{Heap after GC invocations=15 (full 0):
 garbage-first heap   total 108544K, used 53906K [0x0000000080000000, 0x0000000100000000)
  region size 1024K, 5 young (5120K), 5 survivors (5120K)
 Metaspace       used 41917K, committed 42304K, reserved 1114112K
  class space    used 5654K, committed 5824K, reserved 1048576K
}
Event: 10.208 GC heap before
{Heap before GC invocations=16 (full 0):
 garbage-first heap   total 108544K, used 78482K [0x0000000080000000, 0x0000000100000000)
  region size 1024K, 30 young (30720K), 5 survivors (5120K)
 Metaspace       used 42850K, committed 43264K, reserved 1114112K
  class space    used 5741K, committed 5952K, reserved 1048576K
}
Event: 10.212 GC heap after
{Heap after GC invocations=17 (full 0):
 garbage-first heap   total 108544K, used 56386K [0x0000000080000000, 0x0000000100000000)
  region size 1024K, 4 young (4096K), 4 survivors (4096K)
 Metaspace       used 42850K, committed 43264K, reserved 1114112K
  class space    used 5741K, committed 5952K, reserved 1048576K
}
Event: 10.685 GC heap before
{Heap before GC invocations=18 (full 0):
 garbage-first heap   total 108544K, used 88130K [0x0000000080000000, 0x0000000100000000)
  region size 1024K, 31 young (31744K), 4 survivors (4096K)
 Metaspace       used 46939K, committed 47360K, reserved 1114112K
  class space    used 6247K, committed 6464K, reserved 1048576K
}
Event: 10.688 GC heap after
{Heap after GC invocations=19 (full 0):
 garbage-first heap   total 108544K, used 57642K [0x0000000080000000, 0x0000000100000000)
  region size 1024K, 2 young (2048K), 2 survivors (2048K)
 Metaspace       used 46939K, committed 47360K, reserved 1114112K
  class space    used 6247K, committed 6464K, reserved 1048576K
}
Event: 11.549 GC heap before
{Heap before GC invocations=19 (full 0):
 garbage-first heap   total 108544K, used 73002K [0x0000000080000000, 0x0000000100000000)
  region size 1024K, 18 young (18432K), 2 survivors (2048K)
 Metaspace       used 47915K, committed 48448K, reserved 1114112K
  class space    used 6399K, committed 6656K, reserved 1048576K
}
Event: 11.552 GC heap after
{Heap after GC invocations=20 (full 0):
 garbage-first heap   total 108544K, used 59769K [0x0000000080000000, 0x0000000100000000)
  region size 1024K, 4 young (4096K), 4 survivors (4096K)
 Metaspace       used 47915K, committed 48448K, reserved 1114112K
  class space    used 6399K, committed 6656K, reserved 1048576K
}
Event: 11.604 GC heap before
{Heap before GC invocations=21 (full 0):
 garbage-first heap   total 108544K, used 65913K [0x0000000080000000, 0x0000000100000000)
  region size 1024K, 9 young (9216K), 4 survivors (4096K)
 Metaspace       used 48238K, committed 48768K, reserved 1114112K
  class space    used 6422K, committed 6656K, reserved 1048576K
}
Event: 11.606 GC heap after
{Heap after GC invocations=22 (full 0):
 garbage-first heap   total 108544K, used 64253K [0x0000000080000000, 0x0000000100000000)
  region size 1024K, 2 young (2048K), 2 survivors (2048K)
 Metaspace       used 48238K, committed 48768K, reserved 1114112K
  class space    used 6422K, committed 6656K, reserved 1048576K
}
Event: 12.063 GC heap before
{Heap before GC invocations=23 (full 0):
 garbage-first heap   total 114688K, used 86781K [0x0000000080000000, 0x0000000100000000)
  region size 1024K, 22 young (22528K), 2 survivors (2048K)
 Metaspace       used 50691K, committed 51264K, reserved 1114112K
  class space    used 6682K, committed 6912K, reserved 1048576K
}
Event: 12.065 GC heap after
{Heap after GC invocations=24 (full 0):
 garbage-first heap   total 138240K, used 65237K [0x0000000080000000, 0x0000000100000000)
  region size 1024K, 3 young (3072K), 3 survivors (3072K)
 Metaspace       used 50691K, committed 51264K, reserved 1114112K
  class space    used 6682K, committed 6912K, reserved 1048576K
}
Event: 13.724 GC heap before
{Heap before GC invocations=24 (full 0):
 garbage-first heap   total 138240K, used 105173K [0x0000000080000000, 0x0000000100000000)
  region size 1024K, 42 young (43008K), 3 survivors (3072K)
 Metaspace       used 53657K, committed 54272K, reserved 1114112K
  class space    used 7229K, committed 7552K, reserved 1048576K
}
Event: 13.728 GC heap after
{Heap after GC invocations=25 (full 0):
 garbage-first heap   total 138240K, used 67461K [0x0000000080000000, 0x0000000100000000)
  region size 1024K, 5 young (5120K), 5 survivors (5120K)
 Metaspace       used 53657K, committed 54272K, reserved 1114112K
  class space    used 7229K, committed 7552K, reserved 1048576K
}

